2025-04-09 20:00:43.440921 [INFO] [Amphiprion ocellaris]  --- Starting Biotic+PC1 processing --- 
2025-04-09 20:00:43.460523 [DEBUG] [Amphiprion ocellaris]  Associated hosts: Stichodactyla_gigantea, Radianthus_magnifica, Stichodactyla_mertensii 
2025-04-09 20:00:43.460714 [DEBUG] [Amphiprion ocellaris]  Preparing Biotic+PC1 predictor stack for tuning scenario:current 
2025-04-09 20:00:45.178119 [INFO] [Amphiprion ocellaris]  Biotic+PC1 tuning stack created with layers: PC1, host_suitability_max 
2025-04-09 20:00:45.178416 [DEBUG] [Amphiprion ocellaris]  Loading/cleaning/thinning occurrences using Biotic+PC1 tuning stack. 
2025-04-09 20:00:45.311594 [INFO] [Amphiprion ocellaris]  Occurrence count after clean/thin:1887 
2025-04-09 20:00:45.311781 [INFO] [Amphiprion ocellaris]  Final biotic+pc1 model not found or rerun forced. Tuning/training... 
2025-04-09 20:00:54.044089 [INFO] [Amphiprion ocellaris]  Starting hyperparameter tuning (using biotic+pc1 predictor). 
2025-04-09 20:00:58.122703 [INFO] [Amphiprion ocellaris]  Tuning complete. Best hypers:fc lh, reg 0.5 
2025-04-09 20:00:58.482032 [DEBUG] [Amphiprion ocellaris]  Tuning results saved. 
2025-04-09 20:00:58.482247 [INFO] [Amphiprion ocellaris]  Starting final model training (using biotic+pc1 predictor). 
2025-04-09 20:00:58.688406 [INFO] [Amphiprion ocellaris]  Final biotic+pc1 model training complete. 
2025-04-09 20:00:58.69087 [DEBUG] [Amphiprion ocellaris]  Final biotic+pc1 model saved. 
2025-04-09 20:00:59.018003 [INFO] [Amphiprion ocellaris]  Starting predictions for 1 scenarios using biotic+pc1 model. 
2025-04-09 20:00:59.018956 [DEBUG] [Amphiprion ocellaris]    Predicting scenario: current 
2025-04-09 20:01:16.903864 [DEBUG] [Amphiprion ocellaris]    Prediction raster saved: sdm_prediction_Amphiprion_ocellaris_current_biotic_pc1.tif 
2025-04-09 20:01:17.253223 [INFO] [Amphiprion ocellaris]  [Amphiprion ocellaris] Finished Biotic+PC1. Occs:1887. Preds attempted:1. Made:1. Errors/Skipped:0. 
2025-04-09 20:05:56.279783 [INFO] [Amphiprion ocellaris]  --- Starting Biotic+PC1 processing --- 
2025-04-09 20:05:56.292235 [DEBUG] [Amphiprion ocellaris]  Associated hosts: Stichodactyla_gigantea, Radianthus_magnifica, Stichodactyla_mertensii 
2025-04-09 20:05:56.292405 [DEBUG] [Amphiprion ocellaris]  Preparing Biotic+PC1 predictor stack for tuning scenario:current 
2025-04-09 20:05:58.031925 [INFO] [Amphiprion ocellaris]  Biotic+PC1 tuning stack created with layers: PC1, host_suitability_max 
2025-04-09 20:05:58.032241 [DEBUG] [Amphiprion ocellaris]  Loading/cleaning/thinning occurrences using Biotic+PC1 tuning stack. 
2025-04-09 20:05:55.214383 [INFO] [Amphiprion ocellaris]  Occurrence count after clean/thin:1887 
2025-04-09 20:05:55.21454 [INFO] [Amphiprion ocellaris]  Final biotic+pc1 model not found or rerun forced. Tuning/training... 
2025-04-09 20:12:00.655316 [INFO] [Amphiprion ocellaris]  Starting hyperparameter tuning (using biotic+pc1 predictor). 
2025-04-09 20:12:25.808818 [INFO] [Amphiprion ocellaris]  Tuning complete. Best hypers:fc lh, reg 0.5 
2025-04-09 20:12:29.594337 [DEBUG] [Amphiprion ocellaris]  Tuning results saved. 
2025-04-09 20:12:29.594599 [INFO] [Amphiprion ocellaris]  Starting final model training (using biotic+pc1 predictor). 
2025-04-09 20:12:31.036951 [INFO] [Amphiprion ocellaris]  Final biotic+pc1 model training complete. 
2025-04-09 20:12:31.057158 [DEBUG] [Amphiprion ocellaris]  Final biotic+pc1 model saved. 
2025-04-09 20:12:31.359854 [INFO] [Amphiprion ocellaris]  Starting predictions for 1 scenarios using biotic+pc1 model. 
2025-04-09 20:12:31.360121 [DEBUG] [Amphiprion ocellaris]    Predicting scenario: current 
2025-04-09 20:13:04.780358 [DEBUG] [Amphiprion ocellaris]    Prediction raster saved: sdm_prediction_Amphiprion_ocellaris_current_biotic_pc1.tif 
2025-04-09 20:13:02.198973 [INFO] [Amphiprion ocellaris]  [Amphiprion ocellaris] Finished Biotic+PC1. Occs:1887. Preds attempted:1. Made:1. Errors/Skipped:0. 
