INFO  [2025-04-09 20:05:50] Logger initialized. Logging to file: /home/bi-server-kyoto/a0236995/sdm_anemonefish/data/sdm_output/logs_and_analysis/sdm_run_20250409_200548.log
INFO  [2025-04-09 20:05:50] Logging to console with minimum level: INFO
INFO  [2025-04-09 20:05:50] --- Starting Script 06c: Run Anemonefish Biotic+PC1 SDMs (v4) ---
INFO  [2025-04-09 20:05:50] --- Processing Group: anemonefish ---
INFO  [2025-04-09 20:05:50] --- Using Predictors: Biotic (Max Host Suitability _pca ) + PC1 ---
INFO  [2025-04-09 20:05:50] Loaded 21 fish-host associations.
INFO  [2025-04-09 20:05:50] Gathering file paths for ALL potential host anemone predictions...
INFO  [2025-04-09 20:05:50] Found all 3 host prediction files for scenario: current
INFO  [2025-04-09 20:05:50] Loaded 1 anemonefish species.
INFO  [2025-04-09 20:05:50] Setting up parallel backend with 31 cores.
INFO  [2025-04-09 20:05:52] Starting Biotic+PC1 SDM processing for 1 anemonefish...
INFO  [2025-04-09 20:13:03] Parallel/sequential processing complete.
INFO  [2025-04-09 20:13:03] --- Processing Results Summary (Anemonefish Biotic+PC1 Models) ---
INFO  [2025-04-09 20:13:03] [Amphiprion ocellaris] Finished Biotic+PC1. Occs:1887. Preds attempted:1. Made:1. Errors/Skipped:0.
INFO  [2025-04-09 20:13:03] --- Overall Summary (Anemonefish Biotic+PC1 Models) ---
INFO  [2025-04-09 20:13:03] Total Species Targets: 1
INFO  [2025-04-09 20:13:03] Fully Successful Runs: 1
INFO  [2025-04-09 20:13:03] Partially Successful Runs: 0
INFO  [2025-04-09 20:13:03] Skipped: 0
INFO  [2025-04-09 20:13:03] Errors: 0
INFO  [2025-04-09 20:13:03] Occurrence counts saved: /home/bi-server-kyoto/a0236995/sdm_anemonefish/data/sdm_output/logs_and_analysis/occurrence_counts_anemonefish_biotic_pc1.csv
INFO  [2025-04-09 20:13:03] --- Script 06c (Biotic+PC1 v4) finished. ---
