INFO  [2025-04-09 09:35:52] Logger initialized. Logging to file: /home/bi-server-kyoto/a0236995/sdm_anemonefish/data/sdm_output/logs_and_analysis/sdm_run_20250409_093546.log
INFO  [2025-04-09 09:35:52] Logging to console with minimum level: INFO
INFO  [2025-04-09 09:35:52] --- Starting Script 06c: Run Anemonefish Biotic-Only SDMs ---
INFO  [2025-04-09 09:35:52] --- Processing Group: anemonefish ---
INFO  [2025-04-09 09:35:52] --- Using Predictors: Summed Host Anemone Suitability (Current) ---
INFO  [2025-04-09 09:35:52] Loaded host associations from: processed_anemonefish_host_associations.csv
INFO  [2025-04-09 09:35:52] Loaded 1 species from final_anemonefish_species_list.csv
INFO  [2025-04-09 09:35:52] Setting up parallel backend with 31 cores (multisession).
INFO  [2025-04-09 09:35:53] Starting BIOTIC-ONLY SDM processing for 1 anemonefish...
INFO  [2025-04-09 09:36:03] Parallel/sequential processing complete.
INFO  [2025-04-09 09:36:03] --- Processing Results Summary (Anemonefish Biotic-Only Models) ---
ERROR [2025-04-09 09:36:03] [Amphiprion ocellaris] Skipping: Hyperparameter tuning failed (Biotic Only).
INFO  [2025-04-09 09:36:03] --- Overall Summary (Anemonefish Biotic-Only Models) ---
INFO  [2025-04-09 09:36:03] Total Species Targets: 1
INFO  [2025-04-09 09:36:03] Fully Successful Runs (Train + Current Pred): 0
INFO  [2025-04-09 09:36:03] Skipped (Occurrences/Hosts/etc.): 0
INFO  [2025-04-09 09:36:03] Errors during processing (Train/Tune/Setup/Save/Pred): 1
INFO  [2025-04-09 09:36:03] Occurrence counts saved to: /home/bi-server-kyoto/a0236995/sdm_anemonefish/data/sdm_output/logs_and_analysis/occurrence_counts_anemonefish_biotic_only.csv
INFO  [2025-04-09 09:36:03] --- Script 06c finished. ---
INFO  [2025-04-09 09:38:39] Logger initialized. Logging to file: /home/bi-server-kyoto/a0236995/sdm_anemonefish/data/sdm_output/logs_and_analysis/sdm_run_20250409_093546.log
INFO  [2025-04-09 09:38:39] Logging to console with minimum level: INFO
INFO  [2025-04-09 09:38:39] --- Starting Script 06c: Run Anemonefish Biotic-Only SDMs ---
INFO  [2025-04-09 09:38:39] --- Processing Group: anemonefish ---
INFO  [2025-04-09 09:38:39] --- Using Predictors: Summed Host Anemone Suitability (Current) ---
INFO  [2025-04-09 09:38:39] Loaded host associations from: processed_anemonefish_host_associations.csv
INFO  [2025-04-09 09:38:39] Loaded 1 species from final_anemonefish_species_list.csv
INFO  [2025-04-09 09:38:39] Setting up parallel backend with 31 cores (multisession).
INFO  [2025-04-09 09:38:40] Starting BIOTIC-ONLY SDM processing for 1 anemonefish...
INFO  [2025-04-09 09:38:53] Parallel/sequential processing complete.
INFO  [2025-04-09 09:38:53] --- Processing Results Summary (Anemonefish Biotic-Only Models) ---
ERROR [2025-04-09 09:38:53] [Amphiprion ocellaris] Skipping: Hyperparameter tuning failed (Biotic Only).
INFO  [2025-04-09 09:38:53] --- Overall Summary (Anemonefish Biotic-Only Models) ---
INFO  [2025-04-09 09:38:53] Total Species Targets: 1
INFO  [2025-04-09 09:38:53] Fully Successful Runs (Train + Current Pred): 0
INFO  [2025-04-09 09:38:53] Skipped (Occurrences/Hosts/etc.): 0
INFO  [2025-04-09 09:38:53] Errors during processing (Train/Tune/Setup/Save/Pred): 1
INFO  [2025-04-09 09:38:53] Occurrence counts saved to: /home/bi-server-kyoto/a0236995/sdm_anemonefish/data/sdm_output/logs_and_analysis/occurrence_counts_anemonefish_biotic_only.csv
INFO  [2025-04-09 09:38:53] --- Script 06c finished. ---
INFO  [2025-04-09 09:42:55] Logger initialized. Logging to file: /home/bi-server-kyoto/a0236995/sdm_anemonefish/data/sdm_output/logs_and_analysis/sdm_run_20250409_093546.log
INFO  [2025-04-09 09:42:55] Logging to console with minimum level: INFO
INFO  [2025-04-09 09:42:55] --- Starting Script 06c: Run Anemonefish Biotic-Only SDMs ---
INFO  [2025-04-09 09:42:55] --- Processing Group: anemonefish ---
INFO  [2025-04-09 09:42:55] --- Using Predictors: Summed Host Anemone Suitability (Current) ---
INFO  [2025-04-09 09:42:55] Loaded host associations from: processed_anemonefish_host_associations.csv
INFO  [2025-04-09 09:42:55] Loaded 1 species from final_anemonefish_species_list.csv
INFO  [2025-04-09 09:42:55] Setting up parallel backend with 31 cores (multisession).
INFO  [2025-04-09 09:42:56] Starting BIOTIC-ONLY SDM processing for 1 anemonefish...
INFO  [2025-04-09 09:43:10] Parallel/sequential processing complete.
INFO  [2025-04-09 09:43:10] --- Processing Results Summary (Anemonefish Biotic-Only Models) ---
ERROR [2025-04-09 09:43:10] [Amphiprion ocellaris] Skipping: Hyperparameter tuning failed (Biotic Only).
INFO  [2025-04-09 09:43:10] --- Overall Summary (Anemonefish Biotic-Only Models) ---
INFO  [2025-04-09 09:43:10] Total Species Targets: 1
INFO  [2025-04-09 09:43:10] Fully Successful Runs (Train + Current Pred): 0
INFO  [2025-04-09 09:43:10] Skipped (Occurrences/Hosts/etc.): 0
INFO  [2025-04-09 09:43:10] Errors during processing (Train/Tune/Setup/Save/Pred): 1
INFO  [2025-04-09 09:43:10] Occurrence counts saved to: /home/bi-server-kyoto/a0236995/sdm_anemonefish/data/sdm_output/logs_and_analysis/occurrence_counts_anemonefish_biotic_only.csv
INFO  [2025-04-09 09:43:10] --- Script 06c finished. ---
INFO  [2025-04-09 09:50:30] Logger initialized. Logging to file: /home/bi-server-kyoto/a0236995/sdm_anemonefish/data/sdm_output/logs_and_analysis/sdm_run_20250409_093546.log
INFO  [2025-04-09 09:50:30] Logging to console with minimum level: INFO
INFO  [2025-04-09 09:50:30] --- Starting Script 06c: Run Anemonefish Biotic-Only SDMs ---
INFO  [2025-04-09 09:50:30] --- Processing Group: anemonefish ---
INFO  [2025-04-09 09:50:30] --- Using Predictors: Summed Host Anemone Suitability (Current) ---
INFO  [2025-04-09 09:50:30] Loaded host associations from: processed_anemonefish_host_associations.csv
INFO  [2025-04-09 09:50:31] Loaded 1 species from final_anemonefish_species_list.csv
INFO  [2025-04-09 09:50:31] Setting up parallel backend with 31 cores (multisession).
INFO  [2025-04-09 09:50:32] Starting BIOTIC-ONLY SDM processing for 1 anemonefish...
INFO  [2025-04-09 09:50:45] Parallel/sequential processing complete.
INFO  [2025-04-09 09:50:45] --- Processing Results Summary (Anemonefish Biotic-Only Models) ---
ERROR [2025-04-09 09:50:45] [Amphiprion ocellaris] Skipping: Hyperparameter tuning failed (Biotic Only).
INFO  [2025-04-09 09:50:45] --- Overall Summary (Anemonefish Biotic-Only Models) ---
INFO  [2025-04-09 09:50:45] Total Species Targets: 1
INFO  [2025-04-09 09:50:45] Fully Successful Runs (Train + Current Pred): 0
INFO  [2025-04-09 09:50:45] Skipped (Occurrences/Hosts/etc.): 0
INFO  [2025-04-09 09:50:45] Errors during processing (Train/Tune/Setup/Save/Pred): 1
INFO  [2025-04-09 09:50:45] Occurrence counts saved to: /home/bi-server-kyoto/a0236995/sdm_anemonefish/data/sdm_output/logs_and_analysis/occurrence_counts_anemonefish_biotic_only.csv
INFO  [2025-04-09 09:50:45] --- Script 06c finished. ---
INFO  [2025-04-09 10:47:03] Logger initialized. Logging to file: /home/bi-server-kyoto/a0236995/sdm_anemonefish/data/sdm_output/logs_and_analysis/sdm_run_20250409_093546.log
INFO  [2025-04-09 10:47:03] Logging to console with minimum level: INFO
INFO  [2025-04-09 10:47:03] --- Starting Script 06c: Run Anemonefish Biotic-Only SDMs ---
INFO  [2025-04-09 10:47:04] --- Processing Group: anemonefish ---
INFO  [2025-04-09 10:47:04] --- Using Predictors: Summed Host Anemone Suitability (Current) ---
WARN  [2025-04-09 10:47:04] Using ORIGINAL tuning helper - expect potential 'rbind' errors for single predictor.
INFO  [2025-04-09 10:47:04] Loaded host associations from: processed_anemonefish_host_associations.csv
INFO  [2025-04-09 10:47:04] Using host predictions from: /home/bi-server-kyoto/a0236995/sdm_anemonefish/data/sdm_output/predictions/anemone_pca
INFO  [2025-04-09 10:47:04] Loaded 1 species from final_anemonefish_species_list.csv
INFO  [2025-04-09 10:47:04] Setting up parallel backend with 31 cores (multisession).
INFO  [2025-04-09 10:47:05] Starting BIOTIC-ONLY SDM processing for 1 anemonefish...
INFO  [2025-04-09 10:47:16] Parallel/sequential processing complete.
INFO  [2025-04-09 10:47:16] --- Processing Results Summary (Anemonefish Biotic-Only Models) ---
ERROR [2025-04-09 10:47:16] [Amphiprion ocellaris] Skipping: Hyperparameter tuning failed (Biotic Only). Error: numbers of columns of arguments do not match
INFO  [2025-04-09 10:47:16] --- Overall Summary (Anemonefish Biotic-Only Models) ---
INFO  [2025-04-09 10:47:16] Total Species Targets: 1
INFO  [2025-04-09 10:47:16] Fully Successful Runs (Train + Current Pred): 0
INFO  [2025-04-09 10:47:16] Skipped (Occurrences/Hosts/etc.): 0
INFO  [2025-04-09 10:47:16] Errors during processing (Train/Tune/Setup/Save/Pred): 1
INFO  [2025-04-09 10:47:16] Occurrence counts saved to: /home/bi-server-kyoto/a0236995/sdm_anemonefish/data/sdm_output/logs_and_analysis/occurrence_counts_anemonefish_biotic_only.csv
INFO  [2025-04-09 10:47:16] --- Script 06c finished. ---
