INFO  [2025-04-09 19:08:37] Logger initialized. Logging to file: /home/bi-server-kyoto/a0236995/sdm_anemonefish/data/sdm_output/logs_and_analysis/sdm_run_20250409_190736.log
INFO  [2025-04-09 19:08:37] Logging to console with minimum level: INFO
INFO  [2025-04-09 19:08:37] --- Starting Script 06d: Run Anemonefish Combined (Env PCA + Biotic) SDMs ---
INFO  [2025-04-09 19:08:37] --- Processing Group: anemonefish ---
INFO  [2025-04-09 19:08:37] --- Using Predictors: Env PCA Components + Max Host Suitability _pca ---
INFO  [2025-04-09 19:08:37] Loaded Environmental (PCA) raster paths for scenarios: current
INFO  [2025-04-09 19:08:37] Loaded 21 fish-host associations from processed_anemonefish_host_associations.csv
INFO  [2025-04-09 19:08:37] Loading ALL prediction rasters for ALL potential host anemone species across ALL scenarios...
INFO  [2025-04-09 19:08:38] Loaded 3 host predictions for scenario: current
INFO  [2025-04-09 19:08:38] Loaded 1 anemonefish species from final_anemonefish_species_list.csv
INFO  [2025-04-09 19:08:38] Setting up parallel backend with 31 cores (multisession).
INFO  [2025-04-09 19:08:39] Starting Combined SDM processing for 1 anemonefish...
INFO  [2025-04-09 19:08:44] Parallel/sequential processing complete.
INFO  [2025-04-09 19:08:44] --- Processing Results Summary (Anemonefish Combined Models) ---
ERROR [2025-04-09 19:08:44] [Amphiprion ocellaris] Skipping: Failed create valid host predictor stack for tuning.
INFO  [2025-04-09 19:08:44] --- Overall Summary (Anemonefish Combined Models) ---
INFO  [2025-04-09 19:08:44] Total Species Targets: 1
INFO  [2025-04-09 19:08:44] Fully Successful Runs (Train + All Preds): 0
INFO  [2025-04-09 19:08:44] Partially Successful Runs (Train + Some Pred Errors): 0
INFO  [2025-04-09 19:08:44] Skipped (Occurrences/No Hosts/Setup): 0
INFO  [2025-04-09 19:08:44] Errors during processing (Train/Tune/Stacking/Save): 1
INFO  [2025-04-09 19:08:44] Occurrence counts saved to: /home/bi-server-kyoto/a0236995/sdm_anemonefish/data/sdm_output/logs_and_analysis/occurrence_counts_anemonefish_combined_pca.csv
INFO  [2025-04-09 19:08:44] --- Script 06d finished. ---
INFO  [2025-04-09 19:13:01] Logger initialized. Logging to file: /home/bi-server-kyoto/a0236995/sdm_anemonefish/data/sdm_output/logs_and_analysis/sdm_run_20250409_190736.log
INFO  [2025-04-09 19:13:01] Logging to console with minimum level: INFO
INFO  [2025-04-09 19:13:01] --- Starting Script 06d: Run Anemonefish Combined (Env PCA + Biotic) SDMs (v2) ---
INFO  [2025-04-09 19:13:01] --- Processing Group: anemonefish ---
INFO  [2025-04-09 19:13:01] --- Using Predictors: Env PCA Components + Max Host Suitability _pca ---
INFO  [2025-04-09 19:13:01] Loaded Environmental (PCA) raster paths for scenarios: current
INFO  [2025-04-09 19:13:01] Loaded 21 fish-host associations from processed_anemonefish_host_associations.csv
INFO  [2025-04-09 19:13:01] Gathering file paths for ALL potential host anemone predictions across ALL required scenarios...
INFO  [2025-04-09 19:13:01] Found all 3 expected host prediction files for scenario: current
INFO  [2025-04-09 19:13:01] Loaded 1 anemonefish species from final_anemonefish_species_list.csv
INFO  [2025-04-09 19:13:01] Setting up parallel backend with 31 cores (multisession).
INFO  [2025-04-09 19:13:03] Starting Combined SDM processing for 1 anemonefish...
INFO  [2025-04-09 19:13:48] Parallel/sequential processing complete.
INFO  [2025-04-09 19:13:48] --- Processing Results Summary (Anemonefish Combined Models v2) ---
INFO  [2025-04-09 19:13:48] [Amphiprion ocellaris] Finished Combined. Occs:1887. Preds attempted:1. Made:1. Errors/Skipped:0.
INFO  [2025-04-09 19:13:48] --- Overall Summary (Anemonefish Combined Models v2) ---
INFO  [2025-04-09 19:13:48] Total Species Targets: 1
INFO  [2025-04-09 19:13:48] Fully Successful Runs (Train + All Preds): 1
INFO  [2025-04-09 19:13:48] Partially Successful Runs (Train + Some Pred Errors): 0
INFO  [2025-04-09 19:13:48] Skipped (Occurrences/No Hosts/Setup): 0
INFO  [2025-04-09 19:13:48] Errors during processing (Train/Tune/Stacking/Save): 0
INFO  [2025-04-09 19:13:48] Occurrence counts saved to: /home/bi-server-kyoto/a0236995/sdm_anemonefish/data/sdm_output/logs_and_analysis/occurrence_counts_anemonefish_combined_pca.csv
INFO  [2025-04-09 19:13:49] --- Script 06d (v2) finished. ---
