INFO  [2025-04-09 06:52:37] Logger initialized. Logging to file: /home/bi-server-kyoto/a0236995/sdm_anemonefish/data/sdm_output/logs_and_analysis/sdm_run_20250409_064958.log
INFO  [2025-04-09 06:52:37] Logging to console with minimum level: INFO
INFO  [2025-04-09 06:52:37] --- Starting Script 06a: Run Standard Anemone SDMs ---
INFO  [2025-04-09 06:52:37] --- Processing Group: anemone ---
INFO  [2025-04-09 06:52:37] --- Using Predictors: PCA Components ---
INFO  [2025-04-09 06:52:37] Loaded PCA raster paths for scenarios: current
INFO  [2025-04-09 06:52:38] Loaded 3 species from final_anemone_species_list.csv
INFO  [2025-04-09 06:52:38] Setting up parallel backend with 31 cores (multisession).
INFO  [2025-04-09 06:52:40] Starting SDM processing for 3 species...
INFO  [2025-04-09 07:09:00] Parallel/sequential processing complete.
INFO  [2025-04-09 07:09:00] --- Processing Results Summary ---
INFO  [2025-04-09 07:09:00] [Radianthus magnifica] Finished. Occurrences (thin/clean): 1629. Predictions attempted: 1. Predictions made: 1. Errors/Skipped preds: 0.
INFO  [2025-04-09 07:09:00] [Stichodactyla gigantea] Finished. Occurrences (thin/clean): 415. Predictions attempted: 1. Predictions made: 1. Errors/Skipped preds: 0.
INFO  [2025-04-09 07:09:00] [Stichodactyla mertensii] Finished. Occurrences (thin/clean): 406. Predictions attempted: 1. Predictions made: 1. Errors/Skipped preds: 0.
INFO  [2025-04-09 07:09:00] --- Overall Summary ---
INFO  [2025-04-09 07:09:00] Total Species Targets: 3
INFO  [2025-04-09 07:09:00] Fully Successful Runs (Train + All Preds): 3
INFO  [2025-04-09 07:09:00] Partially Successful Runs (Train + Some Pred Errors): 0
INFO  [2025-04-09 07:09:00] Skipped (Occurrences/Thinning/etc.): 0
INFO  [2025-04-09 07:09:00] Errors during processing (Train/Tune/Setup/Save): 0
INFO  [2025-04-09 07:09:00] Occurrence counts saved to: /home/bi-server-kyoto/a0236995/sdm_anemonefish/data/sdm_output/logs_and_analysis/occurrence_counts_anemone_pca.csv
INFO  [2025-04-09 07:09:01] --- Script 06a finished. ---
INFO  [2025-04-09 07:15:35] Logger initialized. Logging to file: /home/bi-server-kyoto/a0236995/sdm_anemonefish/data/sdm_output/logs_and_analysis/sdm_run_20250409_064958.log
INFO  [2025-04-09 07:15:35] Logging to console with minimum level: INFO
INFO  [2025-04-09 07:15:35] --- Starting Script 06b: Run Standard Anemonefish Env SDMs ---
INFO  [2025-04-09 07:15:35] --- Processing Group: anemonefish ---
INFO  [2025-04-09 07:15:35] --- Using Predictors: PCA Components ---
INFO  [2025-04-09 07:15:35] Loaded PCA raster paths for scenarios: current
INFO  [2025-04-09 07:15:35] Loaded 1 species from final_anemonefish_species_list.csv
INFO  [2025-04-09 07:15:35] Setting up parallel backend with 31 cores (multisession).
INFO  [2025-04-09 07:15:35] Starting SDM processing for 1 anemonefish...
INFO  [2025-04-09 07:23:20] Parallel/sequential processing complete.
INFO  [2025-04-09 07:23:20] --- Processing Results Summary (Anemonefish Env Models) ---
INFO  [2025-04-09 07:23:20] [Amphiprion ocellaris] Finished. Occurrences (thin/clean): 1887. Predictions attempted: 1. Predictions made: 1. Errors/Skipped preds: 0.
INFO  [2025-04-09 07:23:20] --- Overall Summary (Anemonefish Env Models) ---
INFO  [2025-04-09 07:23:20] Total Species Targets: 1
INFO  [2025-04-09 07:23:20] Fully Successful Runs (Train + All Preds): 1
INFO  [2025-04-09 07:23:20] Partially Successful Runs (Train + Some Pred Errors): 0
INFO  [2025-04-09 07:23:20] Skipped (Occurrences/Thinning/etc.): 0
INFO  [2025-04-09 07:23:20] Errors during processing (Train/Tune/Setup/Save): 0
INFO  [2025-04-09 07:23:20] Occurrence counts saved to: /home/bi-server-kyoto/a0236995/sdm_anemonefish/data/sdm_output/logs_and_analysis/occurrence_counts_anemonefish_pca.csv
INFO  [2025-04-09 07:23:20] --- Script 06b finished. ---
