INFO  [2025-04-09 17:54:23] Logger initialized. Logging to file: /home/bi-server-kyoto/a0236995/sdm_anemonefish/data/sdm_output/logs_and_analysis/sdm_run_20250409_174548.log
INFO  [2025-04-09 17:54:23] Logging to console with minimum level: INFO
INFO  [2025-04-09 17:54:23] --- Starting Script 06c: Run Anemonefish Biotic Only SDMs ---
INFO  [2025-04-09 17:54:23] --- Processing Group: anemonefish ---
INFO  [2025-04-09 17:54:23] --- Using Predictors: Stacked Host Anemone Suitability (from _pca run) ---
INFO  [2025-04-09 17:54:23] --- Using SIMPLE Hyperparameters (fc='l', reg=1.0) for this run ---
INFO  [2025-04-09 17:54:23] Loaded 21 fish-host associations.
INFO  [2025-04-09 17:54:23] Loading CURRENT prediction rasters for ALL potential host anemone species...
INFO  [2025-04-09 17:54:23] Successfully loaded 3 CURRENT host prediction rasters.
INFO  [2025-04-09 17:54:23] Loaded 1 anemonefish species from final_anemonefish_species_list.csv
INFO  [2025-04-09 17:54:23] Setting up parallel backend with 31 cores (multisession).
INFO  [2025-04-09 17:54:23] Starting Biotic-Only SDM processing for 1 anemonefish...
INFO  [2025-04-09 17:54:29] Parallel/sequential processing complete.
INFO  [2025-04-09 17:54:29] --- Processing Results Summary (Biotic Only Models) ---
ERROR [2025-04-09 17:54:29] [Amphiprion ocellaris] Skipping: Failed to create stacked host predictor for current scenario.
INFO  [2025-04-09 17:54:29] --- Overall Summary (Biotic Only Models) ---
INFO  [2025-04-09 17:54:29] Total Species Targets: 1
INFO  [2025-04-09 17:54:29] Successfully Trained & Predicted: 0
INFO  [2025-04-09 17:54:29] Skipped (Occurrences/No Hosts/etc.): 0
INFO  [2025-04-09 17:54:29] Errors during processing (Train/Predict/Setup/Save): 1
INFO  [2025-04-09 17:54:29] Occurrence counts saved to: /home/bi-server-kyoto/a0236995/sdm_anemonefish/data/sdm_output/logs_and_analysis/occurrence_counts_anemonefish_biotic_only.csv
INFO  [2025-04-09 17:54:29] --- Script 06c finished. ---
